# JRE version: OpenJDK Runtime Environment (14.0.1+7) (build 14.0.1+7)
# Java VM: OpenJDK 64-Bit Server VM (14.0.1+7, mixed mode, sharing, tiered, compressed oops, g1 gc, windows-amd64)
Heap:
 garbage-first heap   total 96256K, used 73283K [0x0000000081800000, 0x0000000100000000)
  region size 1024K, 50 young (51200K), 3 survivors (3072K)
 Metaspace       used 24417K, capacity 25018K, committed 25216K, reserved 1071104K
  class space    used 2601K, capacity 2834K, committed 2944K, reserved 1048576K
GC Heap History (10 events):
Event: 1.219 GC heap before
{Heap before GC invocations=0 (full 0):
 garbage-first heap   total 131072K, used 12288K [0x0000000081800000, 0x0000000100000000)
  region size 1024K, 13 young (13312K), 0 survivors (0K)
 Metaspace       used 4346K, capacity 6770K, committed 6912K, reserved 1056768K
  class space    used 432K, capacity 660K, committed 768K, reserved 1048576K
}
Event: 1.227 GC heap after
{Heap after GC invocations=1 (full 0):
 garbage-first heap   total 131072K, used 3119K [0x0000000081800000, 0x0000000100000000)
  region size 1024K, 2 young (2048K), 2 survivors (2048K)
 Metaspace       used 4346K, capacity 6770K, committed 6912K, reserved 1056768K
  class space    used 432K, capacity 660K, committed 768K, reserved 1048576K
}
Event: 1.733 GC heap before
{Heap before GC invocations=1 (full 0):
 garbage-first heap   total 131072K, used 17455K [0x0000000081800000, 0x0000000100000000)
  region size 1024K, 17 young (17408K), 2 survivors (2048K)
 Metaspace       used 7438K, capacity 9019K, committed 9088K, reserved 1056768K
  class space    used 696K, capacity 855K, committed 896K, reserved 1048576K
}
Event: 1.738 GC heap after
{Heap after GC invocations=2 (full 0):
 garbage-first heap   total 131072K, used 5321K [0x0000000081800000, 0x0000000100000000)
  region size 1024K, 3 young (3072K), 3 survivors (3072K)
 Metaspace       used 7438K, capacity 9019K, committed 9088K, reserved 1056768K
  class space    used 696K, capacity 855K, committed 896K, reserved 1048576K
}
Event: 3.509 GC heap before
{Heap before GC invocations=2 (full 0):
 garbage-first heap   total 131072K, used 80073K [0x0000000081800000, 0x0000000100000000)
  region size 1024K, 76 young (77824K), 3 survivors (3072K)
 Metaspace       used 13499K, capacity 13742K, committed 13952K, reserved 1062912K
  class space    used 1248K, capacity 1323K, committed 1408K, reserved 1048576K
}
Event: 3.525 GC heap after
{Heap after GC invocations=3 (full 0):
 garbage-first heap   total 131072K, used 16100K [0x0000000081800000, 0x0000000100000000)
  region size 1024K, 10 young (10240K), 10 survivors (10240K)
 Metaspace       used 13499K, capacity 13742K, committed 13952K, reserved 1062912K
  class space    used 1248K, capacity 1323K, committed 1408K, reserved 1048576K
}
Event: 4.262 GC heap before
{Heap before GC invocations=3 (full 0):
 garbage-first heap   total 131072K, used 74468K [0x0000000081800000, 0x0000000100000000)
  region size 1024K, 67 young (68608K), 10 survivors (10240K)
 Metaspace       used 16598K, capacity 16905K, committed 17152K, reserved 1064960K
  class space    used 1643K, capacity 1738K, committed 1792K, reserved 1048576K
}
Event: 4.280 GC heap after
{Heap after GC invocations=4 (full 0):
 garbage-first heap   total 131072K, used 21374K [0x0000000081800000, 0x0000000100000000)
  region size 1024K, 5 young (5120K), 5 survivors (5120K)
 Metaspace       used 16598K, capacity 16905K, committed 17152K, reserved 1064960K
  class space    used 1643K, capacity 1738K, committed 1792K, reserved 1048576K
}
Event: 6.614 GC heap before
{Heap before GC invocations=4 (full 0):
 garbage-first heap   total 131072K, used 53118K [0x0000000081800000, 0x0000000100000000)
  region size 1024K, 37 young (37888K), 5 survivors (5120K)
 Metaspace       used 20886K, capacity 21177K, committed 21248K, reserved 1069056K
  class space    used 2132K, capacity 2246K, committed 2304K, reserved 1048576K
}
Event: 6.624 GC heap after
{Heap after GC invocations=5 (full 0):
 garbage-first heap   total 131072K, used 25155K [0x0000000081800000, 0x0000000100000000)
  region size 1024K, 9 young (9216K), 9 survivors (9216K)
 Metaspace       used 20886K, capacity 21177K, committed 21248K, reserved 1069056K
  class space    used 2132K, capacity 2246K, committed 2304K, reserved 1048576K
}

